       858       908        28       256       258       493       532       343       135       896       506        17       777       153         3        52
      1074       704       835      1066       709       740       666       547       577       242       223       985         6       463       816       840
      1050       511        73       504       591       886       982        69       196       921       300       820       735       741       413       213
       138       733       196       638       794      1013       731       622       315       603       962        24       264       490       617      1058
        39       568       252       708      1078       313       817       859      1065       214       286       714      1003       571       173        30
       195       389       347       221       481        40      1048        63       162      1090       114      1071       132       651        86      1071
       652       415       276       644       288       156       897      1055       464       770       914       960       331       820       793       130
       328       174       860       787       647       390       356       512       821       611       548       439      1033       721       950       846
       583       356       944       637       979       920       550       149       759       212       911       286       718       946      1076       617
        84       465       730       946       747       948       886       993        36       319       940       338       830      1093      1040       913
       386       433      1034       748       543       385       362        82       835       483       618        23       522       399      1058       288
       407       451       683       592       500       548       867       784       659       628       832       651         6       531       507       588
       682       154       861       938      1061       249       937       263      1070       167      1048       775       315       684       580       148
      1027      1089       164       573       547       840       203       391       882       753       533       138      1078       250       669       567
       929       173       495      1004       843       300       682       964       234       579       169       709       964        12       383       998
       447       860       489       297       473       455       234       806       234         1       572       625       830        27       494       421

       467       126       434       304       199       498       307       224       429       196       164       440       444       113       191       427
        50       478       374        41        35       226       498       421       515       392       193       473       227       255       549       334
       103       470       143       103       266       225       124       164       501       274       354       135       377       157       498        92
       422       257       120       174       161       473       249       295       534       329       327        82       230       468       138       156
       321       451       526        59        71       207       194        19        12       158       518       249       250        65       237       201
       184        36       252       543       284       487       212       149        73       244       214       217       531       145       171       223
       136       395       154         7        19       513       312       200        81       158       236       471       548       181       418        73
        99       467        14       221       325       515       213       536       470       426       513       109       239       264       547       202
       355       214       278       409       524       169       494       271       161        84       315       319       409       508       443       280
        82       213       103        17       345       450       204       485       317       296       262        24       531       170       258         4
        43       114       129       528       263       405       254       257       333       524       136       231       204       245       220       192
       475       325       460       500       236       338        66       426       520       403       212       450        58        50       254        20
        74       179        27       460       360       498        63       306       104       523       547       407       369       436       162       512
       433       546       308       477       111       166       137       508       406       100       516       230       184        50       244        66
       423        35       413       452       416       332        18        28       214       191       439        81       303         6       189       206
       461       541       132       346       408       314       407        33       306       206       285       100       322       198       176        61

   1137059   1659316   1372480   1503800   1367216   2569297   1646667   1948894   1872406   1988737   1820038   1836935   2324019   1430253   1846624   1532657
   3216567   3260609   2904226   2929483   2495706   3760731   2544448   2576759   3560785   2709049   3243710   2659781   3334781   1984327   3060043   1881501
   2424862   2463602   2416074   2589608   1960497   3525591   1991918   2533762   2583725   2444048   2768459   2611606   3177740   1631931   2340932   1762218
   2187252   2819715   2070166   2601833   2237607   3405453   2369944   2222646   2567487   2572659   2924559   2039735   3095815   1879089   2599624   1620752
   2126673   2849862   2095906   2382965   2053070   3071040   2062010   2561886   2407428   2485298   3205190   2481482   2679041   2166269   2773939   1816571
   2032321   2681555   1777251   1681947   1602402   2521442   1730811   2054966   2289699   1835460   2169802   1867330   2357217   1174274   2082550    761047
   2471104   2842810   2272608   2809115   2314879   3648892   2077126   3016995   3258138   2818764   3095868   2426469   2930342   1860798   2901241   1636705
   2715258   2997013   2243226   3094184   2837696   3537771   2141939   2519526   2986116   2780779   3595981   2224985   3248243   2219773   2769084   1916601
   2893384   3033378   2749681   3413397   2712585   3648933   2334028   2383981   2959337   2773447   3625282   2568296   3501486   2086981   2888654   2109597
   2805312   3572144   2439135   3443493   2722479   4212166   2353537   2896776   3390764   3278672   4008783   2503409   3560599   2217200   3167385   1998356
   2091790   2237489   1990759   2329336   2230840   2788779   1859297   1873743   2444660   2167183   2765122   1823554   2794430   1814489   2389186   1643210
   2335990   2901901   2165002   2555635   2282518   3352269   2261838   2531970   2975277   2535924   2862949   2205255   3008576   1847700   2882830   1462198
   2790362   2951806   2642687   2893874   2338284   3420671   2297596   2456581   2991622   2602236   3221706   2637770   3102441   2106380   2900693   1810421
   2384942   2528377   2393593   2887339   2606864   3622209   2530226   2564484   2817893   2816916   3086441   2584606   3390672   2297319   2725955   2393704
   2604366   2956522   2088964   2462514   2404577   3785709   2126879   2406544   2950757   2790096   3230408   2313609   3117546   2087875   2598394   1886086
   1655398   2199081   1748746   2201801   1826109   2719030   1671572   1958171   2360206   2411938   2409656   2022595   2172729   1577422   2267645   1687896

       785       906       600       392       246         5        96       772       634       203       340       145       674       857       929       145
      1088       638       506       301       367       292       145       512       588      1059       408       281       850       635        68       245
       536       504       193       192       574       376       890       841       593       241       639       704       987       776       906       859
       149       189       557       774       228        92       511       869       542       384       468        36       884       813       197       198
       999       838       834       112       857      1070       869       626        86       192       676       740       449       279      1009       961
       677       552       833       635       382       290       617       418       736       873       554       697       148      1042       895       705
       244       443      1072       445       603       665      1067       258       578       920       297       212       993      1075       549      1080
       221       220        80       279       224       277      1084       274       729       743       236       369        12       300       582       437
       279       808         2      1019       177       478       689       358       878       271       676       743       236       378        26       241
       517       994        28       664       912       696       769      1064       381       870       297       846       477       445       945       816
       578        74       716       268      1011       660       559       946       107      1084       724       647       814       844       751       284
       824       115       494       672       606       885       293       820        52        41       832       698       722       148       676       782
       688       469       425        80       374       327       409        19       304       604      1055       547       685       837      1049       380
      1065       987       224       619       150       390       558       153        78       539       275        42       189       280       921       618
       790       118       735       738       797       930       266       633        68      1093       591       514      1039       579       915       625
       719       799        71       499         4      1035      1089       722       842       998       430       608       166       826       297       220

       160       112       354       515       499       162       135        42       136       459        16       341       117       287       460       295
       494       428       460       491       447       278       516       216       184       512       507       162       473       497         1        75
        60       171       129       549       196       341       127         5       430       526       376       280       244       404       522        11
       127       458       152       149       299       434       126       373       205        59       294       439        30        13       106       494
       274       383       220       488       379        89       116       425       189       145       354       237       138       457       167       275
       513       473       232       239       107       354        28       382       396       532        37       363        80       120       118       323
       193       115       290       506       459       505       168       144       374        19       350       188       476       103       320       452
       100       327       546       456       242       499        82       519        91       390        64       368       498       304       188       108
       429       512        33       512        63       376       103       278       546       282       192       522        30       438       470       524
       275       444       104       353        95       484        82       271       343       178       193       426       436        24        62       276
         7        28        77       176        17       263       265        93        85       258       307        15       203       144       466       364
       167       133       431       114         8       366       405       219       412        53       329       373       370        46       490       123
       189       534       519       487       153        37       376        41        31       195       214       421       335       436       255       140
       430       296       327       111       527        71        34        71       315       162       193       240       108       360       131       153
       134       254       264       262       401       255       275        41       110       258       538       447       158       375       128       211
       313       135       479       202       305       282       215       345       106        75       325       294       474        62       455       342

   1844818   2430565   2411731   2927470   2393844   2053834   1607156   1370069   1679296   2335297   2152583   2540744   1907099   2578614   1943366   1696735
   2000135   2594336   2325913   3082413   2091590   2228303   1477260   1569618   1925024   2299971   1799516   2638513   2105928   2205549   2125507   1936911
   2329941   2796717   3220373   3420985   2719811   2759600   2043348   2029010   2171310   2273728   2691299   3095770   2783536   2632178   2747836   2503585
   1496559   2276451   2004226   2490624   1822495   2069489   1154717   1471710   1611350   1648040   1703894   2260976   1781710   1883746   1778856   1786057
   2510957   2758439   3339079   3822869   3014209   3072687   2179841   2203907   2429113   3024251   2984204   3146752   2942174   2749272   3020136   2545986
   2418675   2819096   2705699   3356756   2787862   3086163   1817657   1972932   2679386   2477671   2831859   3242014   2551135   2487568   2797463   2610816
   2716793   3231255   2991465   3770805   2913387   3053950   1835354   2071336   2754739   2496092   2906238   3346474   2890403   2693323   2815246   2707265
   1550740   1752301   1555509   2155320   1636198   2171694   1043704   1363778   1774694   1232068   1706492   2018062   1729085   1285938   1636873   1929223
   1901875   2298960   1968542   2367103   1744326   2445482   1515529   1773017   2000085   1677262   1947493   2284268   1809659   1600010   1943182   2250577
   2731118   3345917   3434834   3699329   2990695   3377057   2173354   2726654   2459423   2586099   2975968   3501028   3142865   2607889   2462480   2758759
   2187525   2970605   2909544   3515208   2565576   2906381   1704303   2151673   2364781   2527619   2531595   3193901   2694194   2546677   2586953   2359419
   1753653   2353884   2728834   2851799   2142576   2493735   1671952   1969387   1759605   2292081   2160973   2743669   2175677   2010288   2564357   2223678
   1872621   2195667   2291415   2701125   2210535   2130287   1759892   1242511   1862642   2090297   2395753   2461665   2045103   2202995   2314257   2030282
   1777790   2013351   2149576   2539477   2388755   2115398   1502965   1343544   1484089   2005323   2064361   2226117   1899098   1769600   1654584   1902299
   2315922   3233408   3007255   3532214   2632449   2969325   1826722   2217917   2328016   2688225   2619994   3498554   2616118   2495652   2641660   2579226
   2627233   2920997   2624875   3228679   2472814   3194151   1601067   2149073   2671647   2476927   2169616   3024110   2524278   2073697   2273077   2660411

       374       318       539       604       518       376        33       832       198       270       563      1022       489      1065       495       912
       195       141       692       630       487       969       592       707       988       649       427       443        19      1080       343       779
       757       386       145         3       967       235       141       743       978      1019       870       855       218       782       954       343
       663       542       829        51       143         7       137       729      1090         2       390       432      1059       888       392       186
       179       173       300       354       375       885       315       344      1094       872       410       397       243       738        23       313
       705       668       904       893       612        84       346        49       136       400       296       936       872       351       566       549
       181       267       494       406       311       658       871       128         9       434       252       806       637        46       280       551
       989       463      1009       486       653      1000       273       612       106       218       210       436       832       418       759       608
       317      1091       831       516       184        76       877       653       944       284       752       615        20       886       965       832
       923       998      1066      1075        19       745       168       989        32       541       586       612       254       782       756       188
       105       790      1030       732       338       283       313       356       430        60        72       884       765        30       298       790
       784       746       240       899       494       870       841       165       912       408      1026       416       777       361       360       301
       145       756      1007      1028        73      1028       994       415       718       950       910       872       272       996       317       607
       912       186       955       100       667        17       351       255       496       743       300       889       550       438       458      1057
       607      1048       836       310        38       296       619       787       263       407       945       375        52       905       806       932
       708       153       866       116       386       378       128       607        26       915        35        19       164       337       636       346

        22        22       132       494        27       402       494       153       223        98       178       428       206        67       244        91
       400        12       489        64       513        70        86       348       323        56       351       354        94       260       160       359
       285       397       289       115       153       320       297       357       338         1       384       382       355        15       508       366
       368        10        74       261       501       237       423       179       522       471        74       359       330       325       415       355
        55        22       183         6        25       380       275       338       516       115       466       397       315       457       151       203
        26       370       383       481       391       533       483        85       108        53       149       379       427       537       372       325
       309       285         1       518       403        11       478       219        54       203       506       512       223       230       353       157
       131       293       221       167       526       293       279       332       509        13        11       478       108         3       316       512
       301       331       266        25       113       350       114         3       192       534       253       425       298       513       101       528
       484        70       243        34       186       176       303       200       538       284       469       550        68       324       506        48
       254       460       460       137       206       313       297       462       211       515       293       384       443       176       144       429
       547       393       404       387       457       246       377       281       420       119       452       109       336       360        20        96
        91       253        95       327        18       279       512       338       322       229       217       392       402       516       431       159
       292       350       120       431       431       358        43       313       123         5        95       207        18       413        77       218
       297       342       288       167       495       173       365        73        22       513       124         7       220       244       481        90
       377       119       230       333       136        68       391       141       109       218       376       197       112        44       333       128

   2407402   2155113   2144765   2256793   2661700   2339426   2689956   2224156   2546812   1600528   2168331   2613632   2015495   2269986   2251944   2146759
   2492200   2367912   2163650   2308187   2764938   2581115   2751712   1983921   2445989   1901219   2397052   3201505   2148875   2671612   2563788   2561570
   2550750   2272191   2483692   1923112   2535693   2623838   2734152   2212211   2757643   2238753   2626865   3142371   2144762   2733114   2323408   2292333
   1838931   2054122   1793200   1772145   1915744   2159031   2153261   1912067   2035948   1497761   1794337   2588177   1847620   2118156   1944908   2207942
   1910026   1787588   1747187   1647361   1908243   2102056   2066571   1480824   1999247   1582318   1932475   2644649   1731289   2405021   1871967   1978344
   2396782   1728248   1964311   2093090   2261087   2071686   2900170   2132444   2606304   1735243   2477484   2699585   2190952   2274818   2505411   1827018
   1801041   1548032   1488156   1879991   1851063   1498518   2443218   1521506   1753137   1237143   2059243   2183313   1753582   1837093   2015147   1334631
   1981472   2081254   2164090   2478618   2449906   2634386   3261053   2144972   2503382   1537314   2290783   3048532   2388503   2392599   2908317   2179728
   3048543   2492732   2553652   2258562   3253642   2216759   2778942   2346417   2434549   2278385   2736014   3162690   2159520   2391979   2637880   2725305
   2622752   2257383   2540752   2478921   3364300   2667511   3119871   2459711   2945364   1778602   2223219   3296781   2300620   2298963   2993912   2648758
   2175554   1660712   1864255   1712352   2125145   1718133   2446415   1810823   2255905   1411733   2168078   2356275   1961908   1930824   2198610   1923794
   2402810   2199018   2336891   2490155   2638343   2609528   3258686   2225626   2565591   2428875   2618737   3541823   2671539   3010629   2643609   2600071
   3385757   2872689   2824703   2868904   3600924   2831694   3481935   2666322   3057543   2399642   3157807   3916033   2765774   3176712   3220207   3000966
   2366282   1876577   1969476   2054839   1846621   2128367   2809835   1995481   2421110   1629708   2674375   2778986   1978622   2042706   2420541   1732435
   2670092   2292368   2467095   2285675   3005515   2161001   2737765   2361611   2277574   1841383   2454983   3018159   1953612   1953864   2618399   2448735
   1419032   1239408   1348623   1305430   1515629   1613078   1952093   1344362   1775030    966720   1559617   2118300   1225559   1265566   2110001   1285136

       500       260       315       482       983       151       449       624       491      1088       895         5      1010       593       617       186
       764       663       946       909       526       401       239       516       526       637       566       789       777       718       516       789
       326       637       735       468       761       656       743       565       863       980       351       241       132       926       878       700
       372       927       766       722        12       417      1063       617       179       112      1006       731       436       867       930       284
       945      1054       656      1049       671       144       983       295       871       198       328       258      1065      1081       431       242
       753      1067       276       556       632       806       396      1032        79       884      1060       248       594       513       700       488
       151       289       623       937       368      1091        34       529       345       349       596       336       173       882       312       410
        34       988       907       591       747       945       980       768       235       942       538       659       541       573       123       334
       568       623       381       712       641        26       789       579       405       433      1093       865       887       200       171      1032
       842       541       675        84       759       678       321       615       804       810       779       955       620       769      1033       354
        88       177       926       704       368       768       438       806       811       260       165       492       859       705       341       833
        64        14       799         4       215       917       525       410        21       634       494      1086       245       142       172       939
      1059       172      1040       489       176       899        79       670      1100       155       372       723       933      1080       758       291
       417      1017       755       371        28       903       417        74       790       652       114       547       118      1034       267       972
       447       122       475       124       996       917       634       923       888       860       231       996        88       551      1093       681
       792       329       898      1002       889       727      1019       824       115        52        96       621      1076       229       827      1081

       352       419       344       142       116       464       515       481       272       536        77       371        51       326       115       184
       326       540       293        79       459       259       451       488       525       446       128       226       168        24       505       490
       359       142       256       297        14       177       231       143       390       319       438       491        34       104       469       198
       277       461       369       156       398       464       386       116       333       243       229       441        82       534       339       167
         8       177       343       198       284       233       408       336       444       134       447        79        50       110       411       196
       112        65       193         4       101       191       125       199        75       257       381       116       234       165       192       314
        41        86       174        38        52       369       345       101       469       327       431        30       228       371       358       400
       294       141       196       393       465       405       270       297       359        39       262       411       180       372       240       512
       488       437        97       144       165       304       367       339        93       411       280       276       276       502       345       246
        28       315       341       494        54       459        53        43       403       391        27       207       534       511       268       393
       189       546       162       211       545       319       312       521       355       147       367       417       315       484       404       121
       347       423       386       277        39       394        20       416        69       225       399       434        81       348       518        64
       313       455       494       265       505        95       195       353       194       314       280       234       439       440        34       343
       433       109       480        72       389       453       359        18        45       208       367        79        23       390       538       497
       453       418       443       373       519       399       189       317       284       394       327       471       292       266       288       524
       301       213       192        38       427       456       541       181       427       296       126        13       146       392       266       331

   2083348   2797019   2731598   2063780   2749626   2886733   2521178   2337418   2717702   2441796   2397009   2288923   2081777   3141214   2649135   2784444
   2967709   3332836   3208244   2109705   2947043   3520195   3101206   2788077   3015969   3055831   2828529   2953269   1875572   3459931   3437816   3046978
   2641306   2778110   2888111   1996455   2687959   3489730   2992792   2342257   3035940   2973472   2839290   2441590   1979082   3240625   3471616   3390023
   2732847   3019813   2851339   1784613   2928174   3257363   2781449   2611672   2862017   2710517   2926372   2798402   1721240   3079814   3430064   3087645
   3002463   3361443   3262842   1756581   3042077   3415502   3474814   2783230   3067235   3243012   2929890   2664838   1801987   3420415   3456366   3273161
   2502705   3250395   3011020   2123329   3282965   3454138   3029080   2955464   3257557   2867413   2652358   2750684   2164948   3259676   3195779   3370631
   2020797   2074159   2192729   1344112   2175427   2525878   2123713   1745061   1943288   1921238   2254122   2038773   1274674   2471942   2579695   2260915
   2246270   2738321   2857563   1973646   2532136   3181068   2701452   2438223   3162587   2713845   2974934   2459893   1993273   3046301   3495380   3177657
   2416474   3214118   2719815   1833557   2910263   3227699   2994945   2829426   3061883   2634039   2620662   2517800   1879175   3375774   3096786   2642221
   3009510   3381160   3269555   2346018   2913300   3584952   2921055   3115063   2906508   3176199   3098186   3029984   2164529   3458913   3550065   3297444
   2544297   2377028   2545315   1674228   2461931   2826961   2534110   2054419   2351833   2381148   2659973   2288476   1635501   2995916   2820676   2757558
   1558464   1687143   1817703   1371702   1416724   2228891   1575974   1638910   1906830   1774216   2069657   1704721   1338005   2157242   2264613   1866656
   3292931   3060089   3110179   1986416   2697166   3282206   2857076   2759656   2285778   3033967   2981158   3023012   1776503   3375369   3150516   3031232
   2505661   2441364   2430642   1329418   2093106   2946199   2620702   2004703   2342371   2747649   2254802   1954380   1511198   2653804   3065774   2795613
   2622949   2706767   2890880   2195142   2476028   3531004   2685184   2595579   2774837   2821852   3020265   2604223   1972337   3258649   3353190   3216413
   2785709   2979586   3252041   1988655   3037885   3495290   3298579   2768517   3319087   3025252   3163898   2800278   1820570   3350228   3185171   3258212

        49       135      1092      1029      1017       493      1066       413       711       142       372       567       326       427       263       244
       837       887       497       342       723       904      1046      1066        22       538       247       750       868        83       392       947
       842       679       835       268       822       351       706       630      1019       103       463       356       523        58       150       497
      1032       166       227       368      1055       551       882       704       495       815       207       268       510       551       158       212
       839       583       452       571       744       141      1087       568       347      1016        25       258       706       509       661        37
       623       635       998       753       500       656       356        62       848       320       942       252       558        15       865       795
        68       945       307       593       847       467        55       737       137       936       498       401       301       740       652       715
       772       559        95       197        63       264       521       183       327       581       391       496      1098       544       453       857
         2       263       413       172        66       258       546       695       109        33       866      1081       366       403       114       504
      1023       789       746       651       254       635       308       794       429       225       828       570       911       556       226       638
      1051       177        65       692        82      1053       822         2       966      1076      1084       787       919       466       700       651
       792       126       418       820       731       428       551       709       831       542       394       943       831       137        98       739
       508       808       974       778       877       820       326       372       194       186       708      1021       650       576       249        19
      1074       665       853      1085       426      1027      1057       547       422       613       182       890       662       722       618       391
      1083       473      1061       676       703       187       961       786        41       519       894        90       218       798        93       887
       546       691       392       583       870       905       327       736       701       103         1        85      1075       839       143       245

       512       137       227       122       491       427       421        45       443       235        87       380       514       347       440       444
       535       142       322       134       353       488       250       347       372       233       166       541       229       233       129       431
       518         1       290       363        65       319       226       321       245       353       327       391       460       515       414       381
       474        71       255       183       407       283       374       311       244        20       324        23       208       498       489       389
       279        67       496        74       340       140       367       258       310       433       106       141        25       456       484       444
       378       254       135       190       120       293       339       500       460       536       394       361       512       182       208       151
       197       295        76       142       375       287       180        52        20       103       150       429       324       468        25       253
       254       413       154       385       532       295        56       292       476        81        19       506        35       487       530       314
       223        12        88        59        50       475        19       124        74       134       498       492       164       188       338        62
         9        40        95       219       242       335       384       527        69       369       214       176       456       189       178       244
       343       442       373       503        34        16        89        99         8        38       480       495        72       507       533        51
       339       500       549        74       372       130        99       453       503       391       102       278       177       217       364       123
       499       128        42       193        71        85       221       157       286       227       196       268       350       270       135       455
       137       518       521        17       257        68       488       186       452        25       455       285       246       226       288       505
       278       456       222       543       347       373        58       150        24       531       298       256       425       518       116       317
       431       247       330       321       104         8       421       267       134       494       112       485       326       373        99       283

   2814807   1683680   2250435   1681507   2128911   2062718   1997069   2096394   2026338   2025257   2171687   2641257   2129093   3260694   2726464   2505476
   3653253   2365004   2467421   2232812   2945404   2551696   2591128   2729371   2914320   2956521   1855277   3668740   2989244   3629469   2772953   3199801
   3047536   1531464   2043129   1701002   2117797   2320033   1893385   1868974   2137118   2100684   1906459   3167983   2212701   3030233   2650250   2494458
   2509251   1692036   1979354   1470223   2443344   2155936   2284398   1986121   2254026   2066600   1754510   2662387   2333789   2867283   2556939   2648674
   2669842   1729072   1944823   1694284   2633408   2454136   2245827   2059915   2104787   2125163   1810478   2688697   2587272   3082142   2355965   2923820
   3470065   1796071   2280859   2342656   1988513   2425319   2164920   2210154   1946625   2616646   2527622   3249940   2770432   3448131   2753725   2624393
   2678099   2037354   2446561   1945308   2296629   2008113   2288896   2498852   2243306   2364527   1969884   2750675   2173512   2948189   2492453   2708332
   2601543   1788344   1782727   1561032   1827407   1705019   1984976   1729728   1862314   1980159   1666330   2633239   2345986   2405760   1788057   2357065
   2012083   1926278   1811039   1446317   1485103   1078466   1168324   1545198   1640873   1375406   1371171   2272021   1348591   2168679   1883877   1503886
   3657634   2226628   2495568   2155376   2463164   2359444   2427428   2355283   2786634   2297700   2300953   3510075   2737249   3402753   3068967   3008954
   3439150   2500867   2411725   2296291   2461872   2623312   2646457   2596214   2371163   2798707   2898786   3575864   3374606   3462945   2917091   2775018
   3156685   1879940   2283286   1790759   2419951   2187716   2237983   2329663   2449553   2343748   1986740   3010820   2425363   3186993   2937917   2642759
   3393605   2090398   2732397   1836800   2372499   2194407   2292695   2525982   2787935   2374297   2267112   2950460   2445957   3230362   3043859   2850073
   3949370   2538727   2818543   2233351   3208958   3050980   2989170   2960319   3188432   2945539   2658732   3671462   3539266   3937959   3258606   3560796
   3310582   2131471   2620285   2194271   2619413   2217843   2710167   2159347   2413321   2143211   2148650   3393370   2670821   3753025   3100465   3150750
   2947943   1656701   2014056   1423056   2152026   2140593   2255232   2071871   2604782   2021613   2033897   2779859   2257623   2731107   2498674   2859740

